<?xml version="1.0" encoding="UTF-8"?>
<!-- Generated by org.testng.reporters.JUnitXMLReporter -->
<testsuite ignored="0" hostname="AlexDELL" failures="0" tests="2" name="Surefire test" time="0.023" errors="0" timestamp="2024-01-16T17:46:27 CST">
  <testcase classname="org.selenium.pom.base.BaseTest" name="@BeforeClass startDriver" time="-1.705448787298E9">
    <failure type="org.testng.TestNGException" message="
Parameter &amp;apos;browser&amp;apos; is required by BeforeClass on method startDriver but has not been marked @Optional or defined
">
      <![CDATA[org.testng.TestNGException: 
Parameter 'browser' is required by BeforeClass on method startDriver but has not been marked @Optional or defined

at java.base/java.util.ArrayList.forEach(ArrayList.java:1511)
... Removed 27 stack frames]]>
    </failure>
  </testcase> <!-- @BeforeClass startDriver -->
  <testcase classname="org.selenium.pom.base.BaseTest" name="@AfterClass quitDriver" time="-1.70544878731E9">
    <skipped/>
  </testcase> <!-- @AfterClass quitDriver -->
  <testcase classname="org.selenium.pom.tests.MyFirstTestCase" name="guestCheckoutUsingDirectBankTransfer" time="0.0">
    <skipped/>
  </testcase> <!-- guestCheckoutUsingDirectBankTransfer -->
  <testcase classname="org.selenium.pom.tests.MyFirstTestCase" name="guestCheckoutUsingJacksonAPI" time="0.0">
    <skipped/>
  </testcase> <!-- guestCheckoutUsingJacksonAPI -->
</testsuite> <!-- Surefire test -->
