-------------------------------------------------------------------------------
Test set: TestSuite
-------------------------------------------------------------------------------
Tests run: 4, Failures: 1, Errors: 0, Skipped: 3, Time elapsed: 0.242 s <<< FAILURE! - in TestSuite
org.selenium.pom.tests.MyFirstTestCase.startDriver  Time elapsed: 0.144 s  <<< FAILURE!
org.testng.TestNGException: 

Parameter 'browser' is required by BeforeClass on method startDriver but has not been marked @Optional or defined


